22/03/2018 13:02:08 devpinoyLogger Loaded the Config property file
22/03/2018 13:02:13 devpinoyLogger Opened the Browser
22/03/2018 13:02:34 devpinoyLogger Navigating to website
22/03/2018 13:03:11 devpinoyLogger Login Test is executed
22/03/2018 13:03:12 devpinoyLogger Browser is closed
22/03/2018 13:03:13 devpinoyLogger Loaded the Config property file
22/03/2018 13:03:15 devpinoyLogger Opened the Browser
22/03/2018 13:03:43 devpinoyLogger Navigating to website
22/03/2018 13:04:33 devpinoyLogger Second Test Case is executing
22/03/2018 13:04:38 devpinoyLogger Browser is closed
22/03/2018 13:04:38 devpinoyLogger Loaded the Config property file
22/03/2018 13:04:41 devpinoyLogger Opened the Browser
22/03/2018 13:05:24 devpinoyLogger Navigating to website
22/03/2018 13:07:09 devpinoyLogger thir testcases is executed
22/03/2018 13:07:11 devpinoyLogger Browser is closed
22/03/2018 13:07:11 devpinoyLogger Loaded the Config property file
22/03/2018 13:07:14 devpinoyLogger Opened the Browser
22/03/2018 13:07:36 devpinoyLogger Navigating to website
22/03/2018 13:08:50 devpinoyLogger fourth testcase is executed
22/03/2018 13:09:00 devpinoyLogger Browser is closed
